<?xml version="1.0" encoding="UTF-8"?>
<env:Envelope xmlns:env="http://www.w3.org/2003/05/soap-envelope" xmlns:soapenc="http://www.w3.org/2003/05/soap-encoding" xmlns:xsi="http://www.w3.org/2001/XMLSchema-instance" xmlns:xs="http://www.w3.org/2001/XMLSchema" xmlns:tt="http://www.onvif.org/ver10/schema" xmlns:tds="http://www.onvif.org/ver10/device/wsdl" xmlns:trt="http://www.onvif.org/ver10/media/wsdl" xmlns:timg="http://www.onvif.org/ver20/imaging/wsdl" xmlns:tev="http://www.onvif.org/ver10/events/wsdl" xmlns:tptz="http://www.onvif.org/ver20/ptz/wsdl" xmlns:tan="http://www.onvif.org/ver20/analytics/wsdl" xmlns:tst="http://www.onvif.org/ver10/storage/wsdl" xmlns:ter="http://www.onvif.org/ver10/error" xmlns:dn="http://www.onvif.org/ver10/network/wsdl" xmlns:tns1="http://www.onvif.org/ver10/topics" xmlns:tmd="http://www.onvif.org/ver10/deviceIO/wsdl" xmlns:wsdl="http://schemas.xmlsoap.org/wsdl" xmlns:wsoap12="http://schemas.xmlsoap.org/wsdl/soap12" xmlns:http="http://schemas.xmlsoap.org/wsdl/http" xmlns:d="http://schemas.xmlsoap.org/ws/2005/04/discovery" xmlns:wsadis="http://schemas.xmlsoap.org/ws/2004/08/addressing" xmlns:xop="http://www.w3.org/2004/08/xop/include" xmlns:wsnt="http://docs.oasis-open.org/wsn/b-2" xmlns:wsa="http://www.w3.org/2005/08/addressing" xmlns:wstop="http://docs.oasis-open.org/wsn/t-1" xmlns:wsrf-bf="http://docs.oasis-open.org/wsrf/bf-2" xmlns:wsntw="http://docs.oasis-open.org/wsn/bw-2" xmlns:wsrf-rw="http://docs.oasis-open.org/wsrf/rw-2" xmlns:wsaw="http://www.w3.org/2006/05/addressing/wsdl" xmlns:wsrf-r="http://docs.oasis-open.org/wsrf/r-2" xmlns:trc="http://www.onvif.org/ver10/recording/wsdl" xmlns:tse="http://www.onvif.org/ver10/search/wsdl" xmlns:trp="http://www.onvif.org/ver10/replay/wsdl" xmlns:tnshik="http://www.hikvision.com/2011/event/topics" xmlns:hikwsd="http://www.onvifext.com/onvif/ext/ver10/wsdl" xmlns:hikxsd="http://www.onvifext.com/onvif/ext/ver10/schema"><env:Header><wsadis:MessageID>urn:uuid:38065863-9989-11b4-8329-4419b65ed625</wsadis:MessageID>
<wsadis:RelatesTo>d27db53c-f94c-4314-876f-83e09675268e</wsadis:RelatesTo>
<wsadis:To>http://schemas.xmlsoap.org/ws/2004/08/addressing/role/anonymous</wsadis:To>
<wsadis:Action>http://schemas.xmlsoap.org/ws/2005/04/discovery/ProbeMatches</wsadis:Action>
<d:AppSequence InstanceId="1410277473" MessageNumber="42"/>
</env:Header>
<env:Body><d:ProbeMatches><d:ProbeMatch><wsadis:EndpointReference><wsadis:Address>urn:uuid:38065863-9989-11b4-8329-4419b65ed625</wsadis:Address>
</wsadis:EndpointReference>
<d:Types>dn:NetworkVideoTransmitter tds:Device</d:Types>
<d:Scopes>onvif://www.onvif.org/type/video_encoder onvif://www.onvif.org/Profile/Streaming onvif://www.onvif.org/Profile/G onvif://www.onvif.org/type/audio_encoder onvif://www.onvif.org/type/ptz onvif://www.onvif.org/hardware/DS-2CD3Q10FD-IW onvif://www.onvif.org/name/DS-2CD3Q10FD-IW onvif://www.onvif.org/location/city/hangzhou</d:Scopes>
<d:XAddrs>http://192.168.1.102/onvif/device_service http://[fe80::4619:b6ff:fe5e:d625]/onvif/device_service</d:XAddrs>
<d:MetadataVersion>10</d:MetadataVersion>
</d:ProbeMatch>
</d:ProbeMatches>
</env:Body>
</env:Envelope>
<?xml version="1.0" encoding="UTF-8"?>
<env:Envelope xmlns:env="http://www.w3.org/2003/05/soap-envelope" xmlns:soapenc="http://www.w3.org/2003/05/soap-encoding" xmlns:xsi="http://www.w3.org/2001/XMLSchema-instance" xmlns:xs="http://www.w3.org/2001/XMLSchema" xmlns:tt="http://www.onvif.org/ver10/schema" xmlns:tds="http://www.onvif.org/ver10/device/wsdl" xmlns:trt="http://www.onvif.org/ver10/media/wsdl" xmlns:timg="http://www.onvif.org/ver20/imaging/wsdl" xmlns:tev="http://www.onvif.org/ver10/events/wsdl" xmlns:tptz="http://www.onvif.org/ver20/ptz/wsdl" xmlns:tan="http://www.onvif.org/ver20/analytics/wsdl" xmlns:tst="http://www.onvif.org/ver10/storage/wsdl" xmlns:ter="http://www.onvif.org/ver10/error" xmlns:dn="http://www.onvif.org/ver10/network/wsdl" xmlns:tns1="http://www.onvif.org/ver10/topics" xmlns:tmd="http://www.onvif.org/ver10/deviceIO/wsdl" xmlns:wsdl="http://schemas.xmlsoap.org/wsdl" xmlns:wsoap12="http://schemas.xmlsoap.org/wsdl/soap12" xmlns:http="http://schemas.xmlsoap.org/wsdl/http" xmlns:d="http://schemas.xmlsoap.org/ws/2005/04/discovery" xmlns:wsadis="http://schemas.xmlsoap.org/ws/2004/08/addressing" xmlns:xop="http://www.w3.org/2004/08/xop/include" xmlns:wsnt="http://docs.oasis-open.org/wsn/b-2" xmlns:wsa="http://www.w3.org/2005/08/addressing" xmlns:wstop="http://docs.oasis-open.org/wsn/t-1" xmlns:wsrf-bf="http://docs.oasis-open.org/wsrf/bf-2" xmlns:wsntw="http://docs.oasis-open.org/wsn/bw-2" xmlns:wsrf-rw="http://docs.oasis-open.org/wsrf/rw-2" xmlns:wsaw="http://www.w3.org/2006/05/addressing/wsdl" xmlns:wsrf-r="http://docs.oasis-open.org/wsrf/r-2" xmlns:trc="http://www.onvif.org/ver10/recording/wsdl" xmlns:tse="http://www.onvif.org/ver10/search/wsdl" xmlns:trp="http://www.onvif.org/ver10/replay/wsdl" xmlns:tnshik="http://www.hikvision.com/2011/event/topics" xmlns:hikwsd="http://www.onvifext.com/onvif/ext/ver10/wsdl" xmlns:hikxsd="http://www.onvifext.com/onvif/ext/ver10/schema"><env:Header><wsadis:MessageID>urn:uuid:38065863-9989-11b4-8329-4419b65ed625</wsadis:MessageID>
<wsadis:RelatesTo>d27db53c-f94c-4314-876f-83e09675268e</wsadis:RelatesTo>
<wsadis:To>http://schemas.xmlsoap.org/ws/2004/08/addressing/role/anonymous</wsadis:To>
<wsadis:Action>http://schemas.xmlsoap.org/ws/2005/04/discovery/ProbeMatches</wsadis:Action>
<d:AppSequence InstanceId="1410282169" MessageNumber="43"/>
</env:Header>
<env:Body><d:ProbeMatches><d:ProbeMatch><wsadis:EndpointReference><wsadis:Address>urn:uuid:38065863-9989-11b4-8329-4419b65ed625</wsadis:Address>
</wsadis:EndpointReference>
<d:Types>dn:NetworkVideoTransmitter tds:Device</d:Types>
<d:Scopes>onvif://www.onvif.org/type/video_encoder onvif://www.onvif.org/Profile/Streaming onvif://www.onvif.org/Profile/G onvif://www.onvif.org/type/audio_encoder onvif://www.onvif.org/type/ptz onvif://www.onvif.org/hardware/DS-2CD3Q10FD-IW onvif://www.onvif.org/name/DS-2CD3Q10FD-IW onvif://www.onvif.org/location/city/hangzhou</d:Scopes>
<d:XAddrs>http://192.168.1.102/onvif/device_service http://[fe80::4619:b6ff:fe5e:d625]/onvif/device_service</d:XAddrs>
<d:MetadataVersion>10</d:MetadataVersion>
</d:ProbeMatch>
</d:ProbeMatches>
</env:Body>
</env:Envelope>
<?xml version="1.0" encoding="UTF-8"?>
<env:Envelope xmlns:env="http://www.w3.org/2003/05/soap-envelope" xmlns:soapenc="http://www.w3.org/2003/05/soap-encoding" xmlns:xsi="http://www.w3.org/2001/XMLSchema-instance" xmlns:xs="http://www.w3.org/2001/XMLSchema" xmlns:tt="http://www.onvif.org/ver10/schema" xmlns:tds="http://www.onvif.org/ver10/device/wsdl" xmlns:trt="http://www.onvif.org/ver10/media/wsdl" xmlns:timg="http://www.onvif.org/ver20/imaging/wsdl" xmlns:tev="http://www.onvif.org/ver10/events/wsdl" xmlns:tptz="http://www.onvif.org/ver20/ptz/wsdl" xmlns:tan="http://www.onvif.org/ver20/analytics/wsdl" xmlns:tst="http://www.onvif.org/ver10/storage/wsdl" xmlns:ter="http://www.onvif.org/ver10/error" xmlns:dn="http://www.onvif.org/ver10/network/wsdl" xmlns:tns1="http://www.onvif.org/ver10/topics" xmlns:tmd="http://www.onvif.org/ver10/deviceIO/wsdl" xmlns:wsdl="http://schemas.xmlsoap.org/wsdl" xmlns:wsoap12="http://schemas.xmlsoap.org/wsdl/soap12" xmlns:http="http://schemas.xmlsoap.org/wsdl/http" xmlns:d="http://schemas.xmlsoap.org/ws/2005/04/discovery" xmlns:wsadis="http://schemas.xmlsoap.org/ws/2004/08/addressing" xmlns:xop="http://www.w3.org/2004/08/xop/include" xmlns:wsnt="http://docs.oasis-open.org/wsn/b-2" xmlns:wsa="http://www.w3.org/2005/08/addressing" xmlns:wstop="http://docs.oasis-open.org/wsn/t-1" xmlns:wsrf-bf="http://docs.oasis-open.org/wsrf/bf-2" xmlns:wsntw="http://docs.oasis-open.org/wsn/bw-2" xmlns:wsrf-rw="http://docs.oasis-open.org/wsrf/rw-2" xmlns:wsaw="http://www.w3.org/2006/05/addressing/wsdl" xmlns:wsrf-r="http://docs.oasis-open.org/wsrf/r-2" xmlns:trc="http://www.onvif.org/ver10/recording/wsdl" xmlns:tse="http://www.onvif.org/ver10/search/wsdl" xmlns:trp="http://www.onvif.org/ver10/replay/wsdl" xmlns:tnshik="http://www.hikvision.com/2011/event/topics" xmlns:hikwsd="http://www.onvifext.com/onvif/ext/ver10/wsdl" xmlns:hikxsd="http://www.onvifext.com/onvif/ext/ver10/schema"><env:Header><wsadis:MessageID>urn:uuid:38065863-9989-11b4-8329-4419b65ed625</wsadis:MessageID>
<wsadis:RelatesTo>urn:uuid:7619ee65-3a43-48ad-a71f-7d701fb46a56</wsadis:RelatesTo>
<wsadis:To>http://schemas.xmlsoap.org/ws/2004/08/addressing/role/anonymous</wsadis:To>
<wsadis:Action>http://schemas.xmlsoap.org/ws/2005/04/discovery/ProbeMatches</wsadis:Action>
<d:AppSequence InstanceId="1410338912" MessageNumber="11"/>
</env:Header>
<env:Body><d:ProbeMatches><d:ProbeMatch><wsadis:EndpointReference><wsadis:Address>urn:uuid:38065863-9989-11b4-8329-4419b65ed625</wsadis:Address>
</wsadis:EndpointReference>
<d:Types>dn:NetworkVideoTransmitter tds:Device</d:Types>
<d:Scopes>onvif://www.onvif.org/type/video_encoder onvif://www.onvif.org/Profile/Streaming onvif://www.onvif.org/Profile/G onvif://www.onvif.org/type/audio_encoder onvif://www.onvif.org/type/ptz onvif://www.onvif.org/hardware/DS-2CD3Q10FD-IW onvif://www.onvif.org/name/DS-2CD3Q10FD-IW onvif://www.onvif.org/location/city/hangzhou</d:Scopes>
<d:XAddrs>http://192.168.1.101/onvif/device_service http://[fe80::4619:b6ff:fe5e:d625]/onvif/device_service</d:XAddrs>
<d:MetadataVersion>10</d:MetadataVersion>
</d:ProbeMatch>
</d:ProbeMatches>
</env:Body>
</env:Envelope>
<?xml version="1.0" encoding="UTF-8"?>
<env:Envelope xmlns:env="http://www.w3.org/2003/05/soap-envelope" xmlns:soapenc="http://www.w3.org/2003/05/soap-encoding" xmlns:xsi="http://www.w3.org/2001/XMLSchema-instance" xmlns:xs="http://www.w3.org/2001/XMLSchema" xmlns:tt="http://www.onvif.org/ver10/schema" xmlns:tds="http://www.onvif.org/ver10/device/wsdl" xmlns:trt="http://www.onvif.org/ver10/media/wsdl" xmlns:timg="http://www.onvif.org/ver20/imaging/wsdl" xmlns:tev="http://www.onvif.org/ver10/events/wsdl" xmlns:tptz="http://www.onvif.org/ver20/ptz/wsdl" xmlns:tan="http://www.onvif.org/ver20/analytics/wsdl" xmlns:tst="http://www.onvif.org/ver10/storage/wsdl" xmlns:ter="http://www.onvif.org/ver10/error" xmlns:dn="http://www.onvif.org/ver10/network/wsdl" xmlns:tns1="http://www.onvif.org/ver10/topics" xmlns:tmd="http://www.onvif.org/ver10/deviceIO/wsdl" xmlns:wsdl="http://schemas.xmlsoap.org/wsdl" xmlns:wsoap12="http://schemas.xmlsoap.org/wsdl/soap12" xmlns:http="http://schemas.xmlsoap.org/wsdl/http" xmlns:d="http://schemas.xmlsoap.org/ws/2005/04/discovery" xmlns:wsadis="http://schemas.xmlsoap.org/ws/2004/08/addressing" xmlns:xop="http://www.w3.org/2004/08/xop/include" xmlns:wsnt="http://docs.oasis-open.org/wsn/b-2" xmlns:wsa="http://www.w3.org/2005/08/addressing" xmlns:wstop="http://docs.oasis-open.org/wsn/t-1" xmlns:wsrf-bf="http://docs.oasis-open.org/wsrf/bf-2" xmlns:wsntw="http://docs.oasis-open.org/wsn/bw-2" xmlns:wsrf-rw="http://docs.oasis-open.org/wsrf/rw-2" xmlns:wsaw="http://www.w3.org/2006/05/addressing/wsdl" xmlns:wsrf-r="http://docs.oasis-open.org/wsrf/r-2" xmlns:trc="http://www.onvif.org/ver10/recording/wsdl" xmlns:tse="http://www.onvif.org/ver10/search/wsdl" xmlns:trp="http://www.onvif.org/ver10/replay/wsdl" xmlns:tnshik="http://www.hikvision.com/2011/event/topics" xmlns:hikwsd="http://www.onvifext.com/onvif/ext/ver10/wsdl" xmlns:hikxsd="http://www.onvifext.com/onvif/ext/ver10/schema"><env:Header><wsadis:MessageID>urn:uuid:38065863-9989-11b4-8329-4419b65ed625</wsadis:MessageID>
<wsadis:RelatesTo>urn:uuid:0d560ea7-88a3-4e59-926b-c8aa950c57fa</wsadis:RelatesTo>
<wsadis:To>http://schemas.xmlsoap.org/ws/2004/08/addressing/role/anonymous</wsadis:To>
<wsadis:Action>http://schemas.xmlsoap.org/ws/2005/04/discovery/ProbeMatches</wsadis:Action>
<d:AppSequence InstanceId="1410343020" MessageNumber="11"/>
</env:Header>
<env:Body><d:ProbeMatches><d:ProbeMatch><wsadis:EndpointReference><wsadis:Address>urn:uuid:38065863-9989-11b4-8329-4419b65ed625</wsadis:Address>
</wsadis:EndpointReference>
<d:Types>dn:NetworkVideoTransmitter tds:Device</d:Types>
<d:Scopes>onvif://www.onvif.org/type/video_encoder onvif://www.onvif.org/Profile/Streaming onvif://www.onvif.org/Profile/G onvif://www.onvif.org/type/audio_encoder onvif://www.onvif.org/type/ptz onvif://www.onvif.org/hardware/DS-2CD3Q10FD-IW onvif://www.onvif.org/name/DS-2CD3Q10FD-IW onvif://www.onvif.org/location/city/hangzhou</d:Scopes>
<d:XAddrs>http://192.168.1.101/onvif/device_service http://[fe80::4619:b6ff:fe5e:d625]/onvif/device_service</d:XAddrs>
<d:MetadataVersion>10</d:MetadataVersion>
</d:ProbeMatch>
</d:ProbeMatches>
</env:Body>
</env:Envelope>
<?xml version="1.0" encoding="UTF-8"?>
<env:Envelope xmlns:env="http://www.w3.org/2003/05/soap-envelope" xmlns:soapenc="http://www.w3.org/2003/05/soap-encoding" xmlns:xsi="http://www.w3.org/2001/XMLSchema-instance" xmlns:xs="http://www.w3.org/2001/XMLSchema" xmlns:tt="http://www.onvif.org/ver10/schema" xmlns:tds="http://www.onvif.org/ver10/device/wsdl" xmlns:trt="http://www.onvif.org/ver10/media/wsdl" xmlns:timg="http://www.onvif.org/ver20/imaging/wsdl" xmlns:tev="http://www.onvif.org/ver10/events/wsdl" xmlns:tptz="http://www.onvif.org/ver20/ptz/wsdl" xmlns:tan="http://www.onvif.org/ver20/analytics/wsdl" xmlns:tst="http://www.onvif.org/ver10/storage/wsdl" xmlns:ter="http://www.onvif.org/ver10/error" xmlns:dn="http://www.onvif.org/ver10/network/wsdl" xmlns:tns1="http://www.onvif.org/ver10/topics" xmlns:tmd="http://www.onvif.org/ver10/deviceIO/wsdl" xmlns:wsdl="http://schemas.xmlsoap.org/wsdl" xmlns:wsoap12="http://schemas.xmlsoap.org/wsdl/soap12" xmlns:http="http://schemas.xmlsoap.org/wsdl/http" xmlns:d="http://schemas.xmlsoap.org/ws/2005/04/discovery" xmlns:wsadis="http://schemas.xmlsoap.org/ws/2004/08/addressing" xmlns:xop="http://www.w3.org/2004/08/xop/include" xmlns:wsnt="http://docs.oasis-open.org/wsn/b-2" xmlns:wsa="http://www.w3.org/2005/08/addressing" xmlns:wstop="http://docs.oasis-open.org/wsn/t-1" xmlns:wsrf-bf="http://docs.oasis-open.org/wsrf/bf-2" xmlns:wsntw="http://docs.oasis-open.org/wsn/bw-2" xmlns:wsrf-rw="http://docs.oasis-open.org/wsrf/rw-2" xmlns:wsaw="http://www.w3.org/2006/05/addressing/wsdl" xmlns:wsrf-r="http://docs.oasis-open.org/wsrf/r-2" xmlns:trc="http://www.onvif.org/ver10/recording/wsdl" xmlns:tse="http://www.onvif.org/ver10/search/wsdl" xmlns:trp="http://www.onvif.org/ver10/replay/wsdl" xmlns:tnshik="http://www.hikvision.com/2011/event/topics" xmlns:hikwsd="http://www.onvifext.com/onvif/ext/ver10/wsdl" xmlns:hikxsd="http://www.onvifext.com/onvif/ext/ver10/schema"><env:Header><wsadis:MessageID>urn:uuid:38065863-9989-11b4-8329-4419b65ed625</wsadis:MessageID>
<wsadis:RelatesTo>urn:uuid:0d560ea7-88a3-4e59-926b-c8aa950c57fa</wsadis:RelatesTo>
<wsadis:To>http://schemas.xmlsoap.org/ws/2004/08/addressing/role/anonymous</wsadis:To>
<wsadis:Action>http://schemas.xmlsoap.org/ws/2005/04/discovery/ProbeMatches</wsadis:Action>
<d:AppSequence InstanceId="1410343980" MessageNumber="12"/>
</env:Header>
<env:Body><d:ProbeMatches><d:ProbeMatch><wsadis:EndpointReference><wsadis:Address>urn:uuid:38065863-9989-11b4-8329-4419b65ed625</wsadis:Address>
</wsadis:EndpointReference>
<d:Types>dn:NetworkVideoTransmitter tds:Device</d:Types>
<d:Scopes>onvif://www.onvif.org/type/video_encoder onvif://www.onvif.org/Profile/Streaming onvif://www.onvif.org/Profile/G onvif://www.onvif.org/type/audio_encoder onvif://www.onvif.org/type/ptz onvif://www.onvif.org/hardware/DS-2CD3Q10FD-IW onvif://www.onvif.org/name/DS-2CD3Q10FD-IW onvif://www.onvif.org/location/city/hangzhou</d:Scopes>
<d:XAddrs>http://192.168.1.101/onvif/device_service http://[fe80::4619:b6ff:fe5e:d625]/onvif/device_service</d:XAddrs>
<d:MetadataVersion>10</d:MetadataVersion>
</d:ProbeMatch>
</d:ProbeMatches>
</env:Body>
</env:Envelope>
<?xml version="1.0" encoding="UTF-8"?>
<env:Envelope xmlns:env="http://www.w3.org/2003/05/soap-envelope" xmlns:soapenc="http://www.w3.org/2003/05/soap-encoding" xmlns:xsi="http://www.w3.org/2001/XMLSchema-instance" xmlns:xs="http://www.w3.org/2001/XMLSchema" xmlns:tt="http://www.onvif.org/ver10/schema" xmlns:tds="http://www.onvif.org/ver10/device/wsdl" xmlns:trt="http://www.onvif.org/ver10/media/wsdl" xmlns:timg="http://www.onvif.org/ver20/imaging/wsdl" xmlns:tev="http://www.onvif.org/ver10/events/wsdl" xmlns:tptz="http://www.onvif.org/ver20/ptz/wsdl" xmlns:tan="http://www.onvif.org/ver20/analytics/wsdl" xmlns:tst="http://www.onvif.org/ver10/storage/wsdl" xmlns:ter="http://www.onvif.org/ver10/error" xmlns:dn="http://www.onvif.org/ver10/network/wsdl" xmlns:tns1="http://www.onvif.org/ver10/topics" xmlns:tmd="http://www.onvif.org/ver10/deviceIO/wsdl" xmlns:wsdl="http://schemas.xmlsoap.org/wsdl" xmlns:wsoap12="http://schemas.xmlsoap.org/wsdl/soap12" xmlns:http="http://schemas.xmlsoap.org/wsdl/http" xmlns:d="http://schemas.xmlsoap.org/ws/2005/04/discovery" xmlns:wsadis="http://schemas.xmlsoap.org/ws/2004/08/addressing" xmlns:xop="http://www.w3.org/2004/08/xop/include" xmlns:wsnt="http://docs.oasis-open.org/wsn/b-2" xmlns:wsa="http://www.w3.org/2005/08/addressing" xmlns:wstop="http://docs.oasis-open.org/wsn/t-1" xmlns:wsrf-bf="http://docs.oasis-open.org/wsrf/bf-2" xmlns:wsntw="http://docs.oasis-open.org/wsn/bw-2" xmlns:wsrf-rw="http://docs.oasis-open.org/wsrf/rw-2" xmlns:wsaw="http://www.w3.org/2006/05/addressing/wsdl" xmlns:wsrf-r="http://docs.oasis-open.org/wsrf/r-2" xmlns:trc="http://www.onvif.org/ver10/recording/wsdl" xmlns:tse="http://www.onvif.org/ver10/search/wsdl" xmlns:trp="http://www.onvif.org/ver10/replay/wsdl" xmlns:tnshik="http://www.hikvision.com/2011/event/topics" xmlns:hikwsd="http://www.onvifext.com/onvif/ext/ver10/wsdl" xmlns:hikxsd="http://www.onvifext.com/onvif/ext/ver10/schema"><env:Header><wsadis:MessageID>urn:uuid:38065863-9989-11b4-8329-4419b65ed625</wsadis:MessageID>
<wsadis:RelatesTo>urn:uuid:0d560ea7-88a3-4e59-926b-c8aa950c57fa</wsadis:RelatesTo>
<wsadis:To>http://schemas.xmlsoap.org/ws/2004/08/addressing/role/anonymous</wsadis:To>
<wsadis:Action>http://schemas.xmlsoap.org/ws/2005/04/discovery/ProbeMatches</wsadis:Action>
<d:AppSequence InstanceId="1410344562" MessageNumber="13"/>
</env:Header>
<env:Body><d:ProbeMatches><d:ProbeMatch><wsadis:EndpointReference><wsadis:Address>urn:uuid:38065863-9989-11b4-8329-4419b65ed625</wsadis:Address>
</wsadis:EndpointReference>
<d:Types>dn:NetworkVideoTransmitter tds:Device</d:Types>
<d:Scopes>onvif://www.onvif.org/type/video_encoder onvif://www.onvif.org/Profile/Streaming onvif://www.onvif.org/Profile/G onvif://www.onvif.org/type/audio_encoder onvif://www.onvif.org/type/ptz onvif://www.onvif.org/hardware/DS-2CD3Q10FD-IW onvif://www.onvif.org/name/DS-2CD3Q10FD-IW onvif://www.onvif.org/location/city/hangzhou</d:Scopes>
<d:XAddrs>http://192.168.1.101/onvif/device_service http://[fe80::4619:b6ff:fe5e:d625]/onvif/device_service</d:XAddrs>
<d:MetadataVersion>10</d:MetadataVersion>
</d:ProbeMatch>
</d:ProbeMatches>
</env:Body>
</env:Envelope>
<?xml version="1.0" encoding="UTF-8"?>
<env:Envelope xmlns:env="http://www.w3.org/2003/05/soap-envelope" xmlns:soapenc="http://www.w3.org/2003/05/soap-encoding" xmlns:xsi="http://www.w3.org/2001/XMLSchema-instance" xmlns:xs="http://www.w3.org/2001/XMLSchema" xmlns:tt="http://www.onvif.org/ver10/schema" xmlns:tds="http://www.onvif.org/ver10/device/wsdl" xmlns:trt="http://www.onvif.org/ver10/media/wsdl" xmlns:timg="http://www.onvif.org/ver20/imaging/wsdl" xmlns:tev="http://www.onvif.org/ver10/events/wsdl" xmlns:tptz="http://www.onvif.org/ver20/ptz/wsdl" xmlns:tan="http://www.onvif.org/ver20/analytics/wsdl" xmlns:tst="http://www.onvif.org/ver10/storage/wsdl" xmlns:ter="http://www.onvif.org/ver10/error" xmlns:dn="http://www.onvif.org/ver10/network/wsdl" xmlns:tns1="http://www.onvif.org/ver10/topics" xmlns:tmd="http://www.onvif.org/ver10/deviceIO/wsdl" xmlns:wsdl="http://schemas.xmlsoap.org/wsdl" xmlns:wsoap12="http://schemas.xmlsoap.org/wsdl/soap12" xmlns:http="http://schemas.xmlsoap.org/wsdl/http" xmlns:d="http://schemas.xmlsoap.org/ws/2005/04/discovery" xmlns:wsadis="http://schemas.xmlsoap.org/ws/2004/08/addressing" xmlns:xop="http://www.w3.org/2004/08/xop/include" xmlns:wsnt="http://docs.oasis-open.org/wsn/b-2" xmlns:wsa="http://www.w3.org/2005/08/addressing" xmlns:wstop="http://docs.oasis-open.org/wsn/t-1" xmlns:wsrf-bf="http://docs.oasis-open.org/wsrf/bf-2" xmlns:wsntw="http://docs.oasis-open.org/wsn/bw-2" xmlns:wsrf-rw="http://docs.oasis-open.org/wsrf/rw-2" xmlns:wsaw="http://www.w3.org/2006/05/addressing/wsdl" xmlns:wsrf-r="http://docs.oasis-open.org/wsrf/r-2" xmlns:trc="http://www.onvif.org/ver10/recording/wsdl" xmlns:tse="http://www.onvif.org/ver10/search/wsdl" xmlns:trp="http://www.onvif.org/ver10/replay/wsdl" xmlns:tnshik="http://www.hikvision.com/2011/event/topics" xmlns:hikwsd="http://www.onvifext.com/onvif/ext/ver10/wsdl" xmlns:hikxsd="http://www.onvifext.com/onvif/ext/ver10/schema"><env:Header><wsadis:MessageID>urn:uuid:38065863-9989-11b4-8329-4419b65ed625</wsadis:MessageID>
<wsadis:RelatesTo>urn:uuid:0d560ea7-88a3-4e59-926b-c8aa950c57fa</wsadis:RelatesTo>
<wsadis:To>http://schemas.xmlsoap.org/ws/2004/08/addressing/role/anonymous</wsadis:To>
<wsadis:Action>http://schemas.xmlsoap.org/ws/2005/04/discovery/ProbeMatches</wsadis:Action>
<d:AppSequence InstanceId="1410344584" MessageNumber="14"/>
</env:Header>
<env:Body><d:ProbeMatches><d:ProbeMatch><wsadis:EndpointReference><wsadis:Address>urn:uuid:38065863-9989-11b4-8329-4419b65ed625</wsadis:Address>
</wsadis:EndpointReference>
<d:Types>dn:NetworkVideoTransmitter tds:Device</d:Types>
<d:Scopes>onvif://www.onvif.org/type/video_encoder onvif://www.onvif.org/Profile/Streaming onvif://www.onvif.org/Profile/G onvif://www.onvif.org/type/audio_encoder onvif://www.onvif.org/type/ptz onvif://www.onvif.org/hardware/DS-2CD3Q10FD-IW onvif://www.onvif.org/name/DS-2CD3Q10FD-IW onvif://www.onvif.org/location/city/hangzhou</d:Scopes>
<d:XAddrs>http://192.168.1.101/onvif/device_service http://[fe80::4619:b6ff:fe5e:d625]/onvif/device_service</d:XAddrs>
<d:MetadataVersion>10</d:MetadataVersion>
</d:ProbeMatch>
</d:ProbeMatches>
</env:Body>
</env:Envelope>
<?xml version="1.0" encoding="UTF-8"?>
<env:Envelope xmlns:env="http://www.w3.org/2003/05/soap-envelope" xmlns:soapenc="http://www.w3.org/2003/05/soap-encoding" xmlns:xsi="http://www.w3.org/2001/XMLSchema-instance" xmlns:xs="http://www.w3.org/2001/XMLSchema" xmlns:tt="http://www.onvif.org/ver10/schema" xmlns:tds="http://www.onvif.org/ver10/device/wsdl" xmlns:trt="http://www.onvif.org/ver10/media/wsdl" xmlns:timg="http://www.onvif.org/ver20/imaging/wsdl" xmlns:tev="http://www.onvif.org/ver10/events/wsdl" xmlns:tptz="http://www.onvif.org/ver20/ptz/wsdl" xmlns:tan="http://www.onvif.org/ver20/analytics/wsdl" xmlns:tst="http://www.onvif.org/ver10/storage/wsdl" xmlns:ter="http://www.onvif.org/ver10/error" xmlns:dn="http://www.onvif.org/ver10/network/wsdl" xmlns:tns1="http://www.onvif.org/ver10/topics" xmlns:tmd="http://www.onvif.org/ver10/deviceIO/wsdl" xmlns:wsdl="http://schemas.xmlsoap.org/wsdl" xmlns:wsoap12="http://schemas.xmlsoap.org/wsdl/soap12" xmlns:http="http://schemas.xmlsoap.org/wsdl/http" xmlns:d="http://schemas.xmlsoap.org/ws/2005/04/discovery" xmlns:wsadis="http://schemas.xmlsoap.org/ws/2004/08/addressing" xmlns:xop="http://www.w3.org/2004/08/xop/include" xmlns:wsnt="http://docs.oasis-open.org/wsn/b-2" xmlns:wsa="http://www.w3.org/2005/08/addressing" xmlns:wstop="http://docs.oasis-open.org/wsn/t-1" xmlns:wsrf-bf="http://docs.oasis-open.org/wsrf/bf-2" xmlns:wsntw="http://docs.oasis-open.org/wsn/bw-2" xmlns:wsrf-rw="http://docs.oasis-open.org/wsrf/rw-2" xmlns:wsaw="http://www.w3.org/2006/05/addressing/wsdl" xmlns:wsrf-r="http://docs.oasis-open.org/wsrf/r-2" xmlns:trc="http://www.onvif.org/ver10/recording/wsdl" xmlns:tse="http://www.onvif.org/ver10/search/wsdl" xmlns:trp="http://www.onvif.org/ver10/replay/wsdl" xmlns:tnshik="http://www.hikvision.com/2011/event/topics" xmlns:hikwsd="http://www.onvifext.com/onvif/ext/ver10/wsdl" xmlns:hikxsd="http://www.onvifext.com/onvif/ext/ver10/schema"><env:Header><wsadis:MessageID>urn:uuid:38065863-9989-11b4-8329-4419b65ed625</wsadis:MessageID>
<wsadis:RelatesTo>urn:uuid:0d560ea7-88a3-4e59-926b-c8aa950c57fa</wsadis:RelatesTo>
<wsadis:To>http://schemas.xmlsoap.org/ws/2004/08/addressing/role/anonymous</wsadis:To>
<wsadis:Action>http://schemas.xmlsoap.org/ws/2005/04/discovery/ProbeMatches</wsadis:Action>
<d:AppSequence InstanceId="1410344694" MessageNumber="15"/>
</env:Header>
<env:Body><d:ProbeMatches><d:ProbeMatch><wsadis:EndpointReference><wsadis:Address>urn:uuid:38065863-9989-11b4-8329-4419b65ed625</wsadis:Address>
</wsadis:EndpointReference>
<d:Types>dn:NetworkVideoTransmitter tds:Device</d:Types>
<d:Scopes>onvif://www.onvif.org/type/video_encoder onvif://www.onvif.org/Profile/Streaming onvif://www.onvif.org/Profile/G onvif://www.onvif.org/type/audio_encoder onvif://www.onvif.org/type/ptz onvif://www.onvif.org/hardware/DS-2CD3Q10FD-IW onvif://www.onvif.org/name/DS-2CD3Q10FD-IW onvif://www.onvif.org/location/city/hangzhou</d:Scopes>
<d:XAddrs>http://192.168.1.101/onvif/device_service http://[fe80::4619:b6ff:fe5e:d625]/onvif/device_service</d:XAddrs>
<d:MetadataVersion>10</d:MetadataVersion>
</d:ProbeMatch>
</d:ProbeMatches>
</env:Body>
</env:Envelope>
<?xml version="1.0" encoding="UTF-8"?>
<env:Envelope xmlns:env="http://www.w3.org/2003/05/soap-envelope" xmlns:soapenc="http://www.w3.org/2003/05/soap-encoding" xmlns:xsi="http://www.w3.org/2001/XMLSchema-instance" xmlns:xs="http://www.w3.org/2001/XMLSchema" xmlns:tt="http://www.onvif.org/ver10/schema" xmlns:tds="http://www.onvif.org/ver10/device/wsdl" xmlns:trt="http://www.onvif.org/ver10/media/wsdl" xmlns:timg="http://www.onvif.org/ver20/imaging/wsdl" xmlns:tev="http://www.onvif.org/ver10/events/wsdl" xmlns:tptz="http://www.onvif.org/ver20/ptz/wsdl" xmlns:tan="http://www.onvif.org/ver20/analytics/wsdl" xmlns:tst="http://www.onvif.org/ver10/storage/wsdl" xmlns:ter="http://www.onvif.org/ver10/error" xmlns:dn="http://www.onvif.org/ver10/network/wsdl" xmlns:tns1="http://www.onvif.org/ver10/topics" xmlns:tmd="http://www.onvif.org/ver10/deviceIO/wsdl" xmlns:wsdl="http://schemas.xmlsoap.org/wsdl" xmlns:wsoap12="http://schemas.xmlsoap.org/wsdl/soap12" xmlns:http="http://schemas.xmlsoap.org/wsdl/http" xmlns:d="http://schemas.xmlsoap.org/ws/2005/04/discovery" xmlns:wsadis="http://schemas.xmlsoap.org/ws/2004/08/addressing" xmlns:xop="http://www.w3.org/2004/08/xop/include" xmlns:wsnt="http://docs.oasis-open.org/wsn/b-2" xmlns:wsa="http://www.w3.org/2005/08/addressing" xmlns:wstop="http://docs.oasis-open.org/wsn/t-1" xmlns:wsrf-bf="http://docs.oasis-open.org/wsrf/bf-2" xmlns:wsntw="http://docs.oasis-open.org/wsn/bw-2" xmlns:wsrf-rw="http://docs.oasis-open.org/wsrf/rw-2" xmlns:wsaw="http://www.w3.org/2006/05/addressing/wsdl" xmlns:wsrf-r="http://docs.oasis-open.org/wsrf/r-2" xmlns:trc="http://www.onvif.org/ver10/recording/wsdl" xmlns:tse="http://www.onvif.org/ver10/search/wsdl" xmlns:trp="http://www.onvif.org/ver10/replay/wsdl" xmlns:tnshik="http://www.hikvision.com/2011/event/topics" xmlns:hikwsd="http://www.onvifext.com/onvif/ext/ver10/wsdl" xmlns:hikxsd="http://www.onvifext.com/onvif/ext/ver10/schema"><env:Header><wsadis:MessageID>urn:uuid:38065863-9989-11b4-8329-4419b65ed625</wsadis:MessageID>
<wsadis:RelatesTo>urn:uuid:0d560ea7-88a3-4e59-926b-c8aa950c57fa</wsadis:RelatesTo>
<wsadis:To>http://schemas.xmlsoap.org/ws/2004/08/addressing/role/anonymous</wsadis:To>
<wsadis:Action>http://schemas.xmlsoap.org/ws/2005/04/discovery/ProbeMatches</wsadis:Action>
<d:AppSequence InstanceId="1410344879" MessageNumber="16"/>
</env:Header>
<env:Body><d:ProbeMatches><d:ProbeMatch><wsadis:EndpointReference><wsadis:Address>urn:uuid:38065863-9989-11b4-8329-4419b65ed625</wsadis:Address>
</wsadis:EndpointReference>
<d:Types>dn:NetworkVideoTransmitter tds:Device</d:Types>
<d:Scopes>onvif://www.onvif.org/type/video_encoder onvif://www.onvif.org/Profile/Streaming onvif://www.onvif.org/Profile/G onvif://www.onvif.org/type/audio_encoder onvif://www.onvif.org/type/ptz onvif://www.onvif.org/hardware/DS-2CD3Q10FD-IW onvif://www.onvif.org/name/DS-2CD3Q10FD-IW onvif://www.onvif.org/location/city/hangzhou</d:Scopes>
<d:XAddrs>http://192.168.1.101/onvif/device_service http://[fe80::4619:b6ff:fe5e:d625]/onvif/device_service</d:XAddrs>
<d:MetadataVersion>10</d:MetadataVersion>
</d:ProbeMatch>
</d:ProbeMatches>
</env:Body>
</env:Envelope>
